<?xml version="1.0" encoding="UTF-8"?>
<!-- Generated by org.testng.reporters.JUnitReportReporter -->
<testsuite skipped="0" hostname="DESKTOP-3G8P0RD" name="com.lll.testCase.baudiCase" tests="3" failures="0" timestamp="15 三月 2018 07:01:55 GMT" time="96.954" errors="0">
  <testcase name="test01" time="16.072" classname="com.lll.testCase.baudiCase"/>
  <testcase name="test01" time="28.145" classname="com.lll.testCase.baudiCase"/>
  <testcase name="test01" time="52.737" classname="com.lll.testCase.baudiCase"/>
</testsuite> <!-- com.lll.testCase.baudiCase -->
